<?xml version="1.0" encoding="UTF-8"?>
<!-- Generated by org.testng.reporters.JUnitReportReporter -->
<testsuite hostname="TEKSCHOOL" failures="0" tests="1" name="testNG.basics.ParametersConcept" time="0.026" errors="0" timestamp="2023-03-07T15:07:37 EST" skipped="0">
  <testcase classname="testNG.basics.ParametersConcept" name="test" time="0.026"/>
  <system-out/>
</testsuite> <!-- testNG.basics.ParametersConcept -->
