<?xml version="1.0" encoding="UTF-8"?>
<!-- Generated by org.testng.reporters.JUnitReportReporter -->
<testsuite hostname="TEKSCHOOL" failures="0" tests="4" name="testNG.basics.DataProviderConcept" time="0.023" errors="0" timestamp="2023-03-07T15:21:44 EST" skipped="0">
  <testcase classname="testNG.basics.DataProviderConcept" name="test" time="0.003"/>
  <system-out/>
  <testcase classname="testNG.basics.DataProviderConcept" name="test" time="0.017"/>
  <system-out/>
  <testcase classname="testNG.basics.DataProviderConcept" name="test" time="0.001"/>
  <system-out/>
  <testcase classname="testNG.basics.DataProviderConcept" name="test" time="0.002"/>
  <system-out/>
</testsuite> <!-- testNG.basics.DataProviderConcept -->
