<?xml version="1.0" encoding="UTF-8"?>
<!-- Generated by org.testng.reporters.JUnitReportReporter -->
<testsuite hostname="TEKSCHOOL" failures="0" tests="1" name="testNG.basics.ParametersConcept2" time="0.001" errors="0" timestamp="2023-03-07T15:07:37 EST" skipped="0">
  <testcase classname="testNG.basics.ParametersConcept2" name="test" time="0.001"/>
  <system-out/>
</testsuite> <!-- testNG.basics.ParametersConcept2 -->
