<?xml version="1.0" encoding="UTF-8"?>
<!-- Generated by org.testng.reporters.JUnitReportReporter -->
<testsuite hostname="TEKSCHOOL" failures="0" tests="12" name="testNG.basics.DataProviderWithExcelSheet" time="0.016" errors="0" timestamp="2023-03-07T16:44:24 EST" skipped="0">
  <testcase classname="testNG.basics.DataProviderWithExcelSheet" name="test" time="0.001"/>
  <system-out/>
  <testcase classname="testNG.basics.DataProviderWithExcelSheet" name="test" time="0.002"/>
  <system-out/>
  <testcase classname="testNG.basics.DataProviderWithExcelSheet" name="test" time="0.000"/>
  <system-out/>
  <testcase classname="testNG.basics.DataProviderWithExcelSheet" name="test" time="0.001"/>
  <system-out/>
  <testcase classname="testNG.basics.DataProviderWithExcelSheet" name="test" time="0.001"/>
  <system-out/>
  <testcase classname="testNG.basics.DataProviderWithExcelSheet" name="test" time="0.000"/>
  <system-out/>
  <testcase classname="testNG.basics.DataProviderWithExcelSheet" name="test" time="0.001"/>
  <system-out/>
  <testcase classname="testNG.basics.DataProviderWithExcelSheet" name="test" time="0.001"/>
  <system-out/>
  <testcase classname="testNG.basics.DataProviderWithExcelSheet" name="test" time="0.005"/>
  <system-out/>
  <testcase classname="testNG.basics.DataProviderWithExcelSheet" name="test" time="0.002"/>
  <system-out/>
  <testcase classname="testNG.basics.DataProviderWithExcelSheet" name="test" time="0.001"/>
  <system-out/>
  <testcase classname="testNG.basics.DataProviderWithExcelSheet" name="test" time="0.001"/>
  <system-out/>
</testsuite> <!-- testNG.basics.DataProviderWithExcelSheet -->
