<?xml version="1.0" encoding="UTF-8"?>
<!-- Generated by org.testng.reporters.JUnitReportReporter -->
<testsuite hostname="TEKSCHOOL" failures="0" tests="1" name="tek.sqa.framework.tests.RetailTest" time="4.667" errors="0" timestamp="2023-03-08T15:20:26 EST" skipped="0">
  <testcase classname="tek.sqa.framework.tests.RetailTest" name="endToEndTest" time="4.667"/>
  <system-out/>
</testsuite> <!-- tek.sqa.framework.tests.RetailTest -->
