<?xml version="1.0" encoding="UTF-8"?>
<!-- Generated by org.testng.reporters.JUnitReportReporter -->
<testsuite hostname="TEKSCHOOL" failures="0" tests="3" name="testNG.basics.ParallelExecution" time="16.612" errors="0" timestamp="2023-03-07T14:46:29 EST" skipped="0">
  <testcase classname="testNG.basics.ParallelExecution" name="testChrome" time="6.001"/>
  <system-out/>
  <testcase classname="testNG.basics.ParallelExecution" name="testFirefox" time="5.208"/>
  <system-out/>
  <testcase classname="testNG.basics.ParallelExecution" name="testEdge" time="5.403"/>
  <system-out/>
</testsuite> <!-- testNG.basics.ParallelExecution -->
